<?xml version="1.0" encoding="UTF-8"?>
<!-- Generated by org.testng.reporters.JUnitReportReporter -->
<testsuite skipped="0" hostname="tamis-mbp-2.lan" name="com.SeleniumLearing.app.RESTAPITest" tests="1" failures="0" timestamp="2019-11-11T12:41:45 AEDT" time="0.002" errors="0">
  <testcase name="DeleteTwitter" time="0.002" classname="com.SeleniumLearing.app.RESTAPITest"/>
</testsuite> <!-- com.SeleniumLearing.app.RESTAPITest -->
