<?xml version="1.0" encoding="UTF-8"?>
<!-- Generated by org.testng.reporters.JUnitReportReporter -->
<testsuite skipped="0" hostname="Tamis-MacBook-Pro-2.local" name="section17.TestNGxml2" tests="1" failures="0" timestamp="2019-09-16T17:04:01 AEST" time="0.008" errors="0">
  <testcase name="Demo3" time="0.008" classname="section17.TestNGxml2"/>
</testsuite> <!-- section17.TestNGxml2 -->
