<?xml version="1.0" encoding="UTF-8"?>
<!-- Generated by org.testng.reporters.JUnitReportReporter -->
<testsuite skipped="1" hostname="tamis-mbp-2.lan" name="section17.TestNGdemo2" tests="6" failures="0" timestamp="2019-09-18T14:46:03 AEST" time="0.035" errors="0">
  <testcase name="DemoOne" time="0.006" classname="section17.TestNGdemo2"/>
  <testcase name="MobileDemoSix" time="0.016" classname="section17.TestNGdemo2"/>
  <testcase name="DemoTwo" time="0.004" classname="section17.TestNGdemo2"/>
  <testcase name="MobileDemoFive" time="0.006" classname="section17.TestNGdemo2"/>
  <testcase name="APILogin" time="0.003" classname="section17.TestNGdemo2"/>
  <testcase name="DemoThree" classname="section17.TestNGdemo2">
    <skipped/>
  </testcase> <!-- DemoThree -->
</testsuite> <!-- section17.TestNGdemo2 -->
