<?xml version="1.0" encoding="UTF-8"?>
<!-- Generated by org.testng.reporters.JUnitReportReporter -->
<testsuite skipped="0" hostname="tamis-mbp-2.lan" name="section17.DataProviderTest" tests="3" failures="0" timestamp="2019-09-18T14:01:20 AEST" time="0.005" errors="0">
  <testcase name="APILogin" time="0.002" classname="section17.DataProviderTest"/>
  <testcase name="APILogin" time="0.001" classname="section17.DataProviderTest"/>
  <testcase name="APILogin" time="0.002" classname="section17.DataProviderTest"/>
</testsuite> <!-- section17.DataProviderTest -->
