<?xml version="1.0" encoding="UTF-8"?>
<!-- Generated by org.testng.reporters.JUnitReportReporter -->
<testsuite skipped="0" hostname="tamis-mbp-2.lan" name="section17.TestNGdemo1" tests="2" failures="0" timestamp="2019-09-18T14:46:03 AEST" time="0.024" errors="0">
  <testcase name="Demo2" time="0.006" classname="section17.TestNGdemo1"/>
  <testcase name="Demo1" time="0.018" classname="section17.TestNGdemo1"/>
</testsuite> <!-- section17.TestNGdemo1 -->
