<?xml version="1.0" encoding="UTF-8"?>
<!-- Generated by org.testng.reporters.JUnitReportReporter -->
<testsuite hostname="tamis-mbp-2.lan" name="academy.HomePageTest" tests="1" failures="0" timestamp="15 Nov 2019 03:21:04 GMT" time="19.842" errors="0">
  <testcase name="basePageNavigation" time="19.842" classname="academy.HomePageTest"/>
</testsuite> <!-- academy.HomePageTest -->
