<?xml version="1.0" encoding="UTF-8"?>
<!-- Generated by org.testng.reporters.JUnitReportReporter -->
<testsuite hostname="tamis-mbp-2.lan" name="academy.QuestionnaireTest" tests="1" failures="0" timestamp="11 Dec 2019 06:06:51 GMT" time="25.002" errors="0">
  <testcase name="submitQuestionnaire" time="25.002" classname="academy.QuestionnaireTest"/>
</testsuite> <!-- academy.QuestionnaireTest -->
