<?xml version="1.0" encoding="UTF-8"?>
<!-- Generated by org.testng.reporters.JUnitReportReporter -->
<testsuite hostname="tamis-mbp-2.lan" name="academy.FirmwareUpdateTest" tests="1" failures="0" timestamp="19 Nov 2019 05:56:17 GMT" time="31.551" errors="0">
  <testcase name="basePageNavigation" time="31.551" classname="academy.FirmwareUpdateTest"/>
</testsuite> <!-- academy.FirmwareUpdateTest -->
