<?xml version="1.0" encoding="UTF-8"?>
<!-- Generated by org.testng.reporters.JUnitReportReporter -->
<testsuite skipped="0" hostname="tamis-mbp-2.lan" name="Academy.ValidNaviBar" tests="1" failures="0" timestamp="2019-11-27T11:39:41 AEDT" time="0.136" errors="0">
  <testcase name="validateAppNavBar" time="0.136" classname="Academy.ValidNaviBar"/>
</testsuite> <!-- Academy.ValidNaviBar -->
