<?xml version="1.0" encoding="UTF-8"?>
<!-- Generated by org.testng.reporters.JUnitReportReporter -->
<testsuite skipped="0" hostname="tamis-mbp-2.lan" name="Academy.HomePage" tests="2" failures="0" timestamp="2019-12-11T12:24:11 AEDT" time="19.468" errors="0">
  <testcase name="basePageNavigate" time="7.162" classname="Academy.HomePage"/>
  <testcase name="basePageNavigate" time="12.306" classname="Academy.HomePage"/>
</testsuite> <!-- Academy.HomePage -->
